<?xml version="1.0" encoding="UTF-8"?>
<!-- Generated by org.testng.reporters.JUnitXMLReporter -->
<testsuite ignored="0" hostname="DESKTOP-9GFDT8T" failures="0" tests="3" name="Default test" time="30.688" errors="0" timestamp="2024-10-27T00:02:06 IST">
  <testcase classname="org.testCases.Ecommerce_Hybrid_TC1" name="fileForm" time="7.589"/>
  <testcase classname="org.testCases.Ecommerce_Hybrid_TC1" name="addCardItem" time="2.335"/>
  <testcase classname="org.testCases.Ecommerce_Hybrid_TC1" name="verifyAmount" time="4.21"/>
</testsuite> <!-- Default test -->
