<?xml version="1.0" encoding="UTF-8"?>
<!-- Generated by org.testng.reporters.JUnitXMLReporter -->
<testsuite ignored="0" hostname="DESKTOP-9GFDT8T" failures="1" tests="4" name="Test" time="35.077" errors="0" timestamp="2024-10-27T00:17:42 IST">
  <testcase classname="org.testCases.Ecommerce_Hybrid_TC1" name="fileForm" time="7.494"/>
  <testcase classname="org.testCases.Ecommerce_Hybrid_TC1" name="addCardItem" time="2.453"/>
  <testcase classname="org.testCases.Ecommerce_Hybrid_TC1" name="verifyAmount" time="4.276"/>
  <testcase classname="org.testCases.Ecommerce_Hybrid_TC1" name="verifyHybridApp" time="5.897">
    <failure type="io.appium.java_client.NoSuchContextException" message="No such context found.
Build info: version: &amp;apos;4.25.0&amp;apos;, revision: &amp;apos;8a8aea2337&amp;apos;
System info: os.name: &amp;apos;Windows 10&amp;apos;, os.arch: &amp;apos;amd64&amp;apos;, os.version: &amp;apos;10.0&amp;apos;, java.version: &amp;apos;21.0.4&amp;apos;
Driver info: io.appium.java_client.android.AndroidDriver
Command: [d86f715b-36c8-4393-99af-1384b8c6d231, switchToContext {name=WEBVIEW_chrome}]
Capabilities {appium:app: C:\Users\Monoo\eclipse-work..., appium:appPackage: com.androidsample.generalstore, appium:automationName: UIAutomator2, appium:databaseEnabled: false, appium:desired: {app: C:\Users\Monoo\eclipse-work..., automationName: UIAutomator2, deviceName: moto g32, platformName: ANDROID}, appium:deviceApiLevel: 33, appium:deviceManufacturer: motorola, appium:deviceModel: moto g32, appium:deviceName: ZD222BYWHP, appium:deviceScreenDensity: 400, appium:deviceScreenSize: 1080x2400, appium:deviceUDID: ZD222BYWHP, appium:javascriptEnabled: true, appium:locationContextEnabled: false, appium:networkConnectionEnabled: true, appium:pixelRatio: 2.5, appium:platformVersion: 13, appium:statBarHeight: 105, appium:takesScreenshot: true, appium:viewportRect: {height: 2295, left: 0, top: 105, width: 1080}, appium:warnings: {}, appium:webStorageEnabled: false, platformName: ANDROID}
Session ID: d86f715b-36c8-4393-99af-1384b8c6d231">
      <![CDATA[io.appium.java_client.NoSuchContextException: No such context found.
Build info: version: '4.25.0', revision: '8a8aea2337'
System info: os.name: 'Windows 10', os.arch: 'amd64', os.version: '10.0', java.version: '21.0.4'
Driver info: io.appium.java_client.android.AndroidDriver
Command: [d86f715b-36c8-4393-99af-1384b8c6d231, switchToContext {name=WEBVIEW_chrome}]
Capabilities {appium:app: C:\Users\Monoo\eclipse-work..., appium:appPackage: com.androidsample.generalstore, appium:automationName: UIAutomator2, appium:databaseEnabled: false, appium:desired: {app: C:\Users\Monoo\eclipse-work..., automationName: UIAutomator2, deviceName: moto g32, platformName: ANDROID}, appium:deviceApiLevel: 33, appium:deviceManufacturer: motorola, appium:deviceModel: moto g32, appium:deviceName: ZD222BYWHP, appium:deviceScreenDensity: 400, appium:deviceScreenSize: 1080x2400, appium:deviceUDID: ZD222BYWHP, appium:javascriptEnabled: true, appium:locationContextEnabled: false, appium:networkConnectionEnabled: true, appium:pixelRatio: 2.5, appium:platformVersion: 13, appium:statBarHeight: 105, appium:takesScreenshot: true, appium:viewportRect: {height: 2295, left: 0, top: 105, width: 1080}, appium:warnings: {}, appium:webStorageEnabled: false, platformName: ANDROID}
Session ID: d86f715b-36c8-4393-99af-1384b8c6d231
at io.appium.java_client.remote.SupportsContextSwitching.context(SupportsContextSwitching.java:48)
at org.testCases.Ecommerce_Hybrid_TC1.verifyHybridApp(Ecommerce_Hybrid_TC1.java:60)
at java.base/java.util.ArrayList.forEach(ArrayList.java:1596)
Caused by: org.openqa.selenium.WebDriverException: No such context found.
Build info: version: '4.25.0', revision: '8a8aea2337'
System info: os.name: 'Windows 10', os.arch: 'amd64', os.version: '10.0', java.version: '21.0.4'
Driver info: io.appium.java_client.android.AndroidDriver
Command: [d86f715b-36c8-4393-99af-1384b8c6d231, switchToContext {name=WEBVIEW_chrome}]
Capabilities {appium:app: C:\Users\Monoo\eclipse-work..., appium:appPackage: com.androidsample.generalstore, appium:automationName: UIAutomator2, appium:databaseEnabled: false, appium:desired: {app: C:\Users\Monoo\eclipse-work..., automationName: UIAutomator2, deviceName: moto g32, platformName: ANDROID}, appium:deviceApiLevel: 33, appium:deviceManufacturer: motorola, appium:deviceModel: moto g32, appium:deviceName: ZD222BYWHP, appium:deviceScreenDensity: 400, appium:deviceScreenSize: 1080x2400, appium:deviceUDID: ZD222BYWHP, appium:javascriptEnabled: true, appium:locationContextEnabled: false, appium:networkConnectionEnabled: true, appium:pixelRatio: 2.5, appium:platformVersion: 13, appium:statBarHeight: 105, appium:takesScreenshot: true, appium:viewportRect: {height: 2295, left: 0, top: 105, width: 1080}, appium:warnings: {}, appium:webStorageEnabled: false, platformName: ANDROID}
Session ID: d86f715b-36c8-4393-99af-1384b8c6d231
at org.openqa.selenium.remote.ErrorCodec.decode(ErrorCodec.java:167)
at org.openqa.selenium.remote.codec.w3c.W3CHttpResponseCodec.decode(W3CHttpResponseCodec.java:138)
at org.openqa.selenium.remote.codec.w3c.W3CHttpResponseCodec.decode(W3CHttpResponseCodec.java:50)
at org.openqa.selenium.remote.HttpCommandExecutor.execute(HttpCommandExecutor.java:190)
at io.appium.java_client.remote.AppiumCommandExecutor.execute(AppiumCommandExecutor.java:237)
at org.openqa.selenium.remote.RemoteWebDriver.execute(RemoteWebDriver.java:545)
at org.openqa.selenium.remote.RemoteWebDriver.execute(RemoteWebDriver.java:618)
at io.appium.java_client.AppiumDriver.execute(AppiumDriver.java:305)
at io.appium.java_client.remote.SupportsContextSwitching.context(SupportsContextSwitching.java:45)
... 27 more
... Removed 28 stack frames]]>
    </failure>
  </testcase> <!-- verifyHybridApp -->
</testsuite> <!-- Test -->
